Flow report for EncoderPulseCounterTop
Wed Jan 27 12:10:55 2016
Quartus II 64-Bit Version 13.0.1 Build 232 06/12/2013 Service Pack 1 SJ Web Edition


---------------------
; Table of Contents ;
---------------------
  1. Legal Notice
  2. Flow Summary
  3. Flow Settings
  4. Flow Non-Default Global Settings
  5. Flow Elapsed Time
  6. Flow OS Summary
  7. Flow Log
  8. Flow Messages
  9. Flow Suppressed Messages



----------------
; Legal Notice ;
----------------
Copyright (C) 1991-2013 Altera Corporation
Your use of Altera Corporation's design tools, logic functions 
and other software and tools, and its AMPP partner logic 
functions, and any output files from any of the foregoing 
(including device programming or simulation files), and any 
associated documentation or information are expressly subject 
to the terms and conditions of the Altera Program License 
Subscription Agreement, Altera MegaCore Function License 
Agreement, or other applicable license agreement, including, 
without limitation, that your use is for the sole purpose of 
programming logic devices manufactured by Altera and sold by 
Altera or its authorized distributors.  Please refer to the 
applicable agreement for further details.



+--------------------------------------------------------------------------------------+
; Flow Summary                                                                         ;
+------------------------------------+-------------------------------------------------+
; Flow Status                        ; Successful - Wed Jan 27 12:10:54 2016           ;
; Quartus II 64-Bit Version          ; 13.0.1 Build 232 06/12/2013 SP 1 SJ Web Edition ;
; Revision Name                      ; EncoderPulseCounterTop                          ;
; Top-level Entity Name              ; EncoderPulseCounterTop                          ;
; Family                             ; Cyclone III                                     ;
; Device                             ; EP3C16F484C6                                    ;
; Timing Models                      ; Final                                           ;
; Total logic elements               ; 13 / 15,408 ( < 1 % )                           ;
;     Total combinational functions  ; 11 / 15,408 ( < 1 % )                           ;
;     Dedicated logic registers      ; 10 / 15,408 ( < 1 % )                           ;
; Total registers                    ; 10                                              ;
; Total pins                         ; 12 / 347 ( 3 % )                                ;
; Total virtual pins                 ; 0                                               ;
; Total memory bits                  ; 0 / 516,096 ( 0 % )                             ;
; Embedded Multiplier 9-bit elements ; 0 / 112 ( 0 % )                                 ;
; Total PLLs                         ; 0 / 4 ( 0 % )                                   ;
+------------------------------------+-------------------------------------------------+


+--------------------------------------------+
; Flow Settings                              ;
+-------------------+------------------------+
; Option            ; Setting                ;
+-------------------+------------------------+
; Start date & time ; 01/27/2016 12:05:08    ;
; Main task         ; Compilation            ;
; Revision Name     ; EncoderPulseCounterTop ;
+-------------------+------------------------+


+----------------------------------------------------------------------------------------------------------------------+
; Flow Non-Default Global Settings                                                                                     ;
+-------------------------------------+---------------------------------+---------------+-------------+----------------+
; Assignment Name                     ; Value                           ; Default Value ; Entity Name ; Section Id     ;
+-------------------------------------+---------------------------------+---------------+-------------+----------------+
; COMPILER_SIGNATURE_ID               ; 110337788015999.145391790805764 ; --            ; --          ; --             ;
; EDA_GENERATE_FUNCTIONAL_NETLIST     ; On                              ; --            ; --          ; eda_simulation ;
; EDA_OUTPUT_DATA_FORMAT              ; Verilog Hdl                     ; --            ; --          ; eda_simulation ;
; EDA_SIMULATION_TOOL                 ; ModelSim-Altera (Verilog)       ; <None>        ; --          ; --             ;
; MAX_CORE_JUNCTION_TEMP              ; 85                              ; --            ; --          ; --             ;
; MIN_CORE_JUNCTION_TEMP              ; 0                               ; --            ; --          ; --             ;
; PARTITION_COLOR                     ; 16764057                        ; --            ; --          ; Top            ;
; PARTITION_FITTER_PRESERVATION_LEVEL ; PLACEMENT_AND_ROUTING           ; --            ; --          ; Top            ;
; PARTITION_NETLIST_TYPE              ; SOURCE                          ; --            ; --          ; Top            ;
; PROJECT_OUTPUT_DIRECTORY            ; output_files                    ; --            ; --          ; --             ;
+-------------------------------------+---------------------------------+---------------+-------------+----------------+


+-------------------------------------------------------------------------------------------------------------------------------+
; Flow Elapsed Time                                                                                                             ;
+---------------------------+--------------+-------------------------+---------------------+------------------------------------+
; Module Name               ; Elapsed Time ; Average Processors Used ; Peak Virtual Memory ; Total CPU Time (on all processors) ;
+---------------------------+--------------+-------------------------+---------------------+------------------------------------+
; Analysis & Synthesis      ; 00:00:01     ; 1.0                     ; 461 MB              ; 00:00:01                           ;
; Fitter                    ; 00:00:07     ; 1.0                     ; 785 MB              ; 00:00:06                           ;
; Assembler                 ; 00:00:01     ; 1.0                     ; 428 MB              ; 00:00:01                           ;
; TimeQuest Timing Analyzer ; 00:00:02     ; 1.0                     ; 469 MB              ; 00:00:02                           ;
; EDA Netlist Writer        ; 00:00:00     ; 1.0                     ; 381 MB              ; 00:00:00                           ;
; EDA Netlist Writer        ; 00:00:01     ; 1.0                     ; 389 MB              ; 00:00:00                           ;
; EDA Netlist Writer        ; 00:00:01     ; 1.0                     ; 389 MB              ; 00:00:01                           ;
; EDA Netlist Writer        ; 00:00:00     ; 1.0                     ; 389 MB              ; 00:00:00                           ;
; EDA Netlist Writer        ; 00:00:01     ; 1.0                     ; 389 MB              ; 00:00:01                           ;
; EDA Netlist Writer        ; 00:00:00     ; 1.0                     ; 389 MB              ; 00:00:00                           ;
; EDA Netlist Writer        ; 00:00:01     ; 1.0                     ; 389 MB              ; 00:00:01                           ;
; EDA Netlist Writer        ; 00:00:01     ; 1.0                     ; 389 MB              ; 00:00:00                           ;
; EDA Netlist Writer        ; 00:00:00     ; 1.0                     ; 389 MB              ; 00:00:01                           ;
; Total                     ; 00:00:16     ; --                      ; --                  ; 00:00:14                           ;
+---------------------------+--------------+-------------------------+---------------------+------------------------------------+


+----------------------------------------------------------------------------------------+
; Flow OS Summary                                                                        ;
+---------------------------+------------------+-----------+------------+----------------+
; Module Name               ; Machine Hostname ; OS Name   ; OS Version ; Processor type ;
+---------------------------+------------------+-----------+------------+----------------+
; Analysis & Synthesis      ; DESKTOP-GBO6LEF  ; Windows 7 ; 6.2        ; x86_64         ;
; Fitter                    ; DESKTOP-GBO6LEF  ; Windows 7 ; 6.2        ; x86_64         ;
; Assembler                 ; DESKTOP-GBO6LEF  ; Windows 7 ; 6.2        ; x86_64         ;
; TimeQuest Timing Analyzer ; DESKTOP-GBO6LEF  ; Windows 7 ; 6.2        ; x86_64         ;
; EDA Netlist Writer        ; DESKTOP-GBO6LEF  ; Windows 7 ; 6.2        ; x86_64         ;
; EDA Netlist Writer        ; DESKTOP-GBO6LEF  ; Windows 7 ; 6.2        ; x86_64         ;
; EDA Netlist Writer        ; DESKTOP-GBO6LEF  ; Windows 7 ; 6.2        ; x86_64         ;
; EDA Netlist Writer        ; DESKTOP-GBO6LEF  ; Windows 7 ; 6.2        ; x86_64         ;
; EDA Netlist Writer        ; DESKTOP-GBO6LEF  ; Windows 7 ; 6.2        ; x86_64         ;
; EDA Netlist Writer        ; DESKTOP-GBO6LEF  ; Windows 7 ; 6.2        ; x86_64         ;
; EDA Netlist Writer        ; DESKTOP-GBO6LEF  ; Windows 7 ; 6.2        ; x86_64         ;
; EDA Netlist Writer        ; DESKTOP-GBO6LEF  ; Windows 7 ; 6.2        ; x86_64         ;
; EDA Netlist Writer        ; DESKTOP-GBO6LEF  ; Windows 7 ; 6.2        ; x86_64         ;
+---------------------------+------------------+-----------+------------+----------------+


------------
; Flow Log ;
------------
quartus_map --read_settings_files=on --write_settings_files=off EncoderPulseCounterTop -c EncoderPulseCounterTop
quartus_fit --read_settings_files=off --write_settings_files=off EncoderPulseCounterTop -c EncoderPulseCounterTop
quartus_asm --read_settings_files=off --write_settings_files=off EncoderPulseCounterTop -c EncoderPulseCounterTop
quartus_sta EncoderPulseCounterTop -c EncoderPulseCounterTop
quartus_eda --read_settings_files=off --write_settings_files=off EncoderPulseCounterTop -c EncoderPulseCounterTop
quartus_eda --gen_testbench --check_outputs=on --tool=modelsim_oem --format=verilog EncoderPulseCounterTop -c EncoderPulseCounterTop --vector_source="C:/Users/codyw/Documents/Kansas State Classes/ECE 731 - Advanced Microcomputer Design/Labs/Lab0/sim.vwf" --testbench_file=./simulation/qsim/EncoderPulseCounterTop.vt
quartus_eda --functional=on --simulation=on --tool=modelsim_oem --format=verilog EncoderPulseCounterTop -c EncoderPulseCounterTop
quartus_eda --gen_testbench --check_outputs=on --tool=modelsim_oem --format=verilog EncoderPulseCounterTop -c EncoderPulseCounterTop --vector_source="C:/Users/codyw/Documents/Kansas State Classes/ECE 731 - Advanced Microcomputer Design/Labs/Lab0/sim.vwf" --testbench_file=./simulation/qsim/EncoderPulseCounterTop.vt
quartus_eda --functional=on --simulation=on --tool=modelsim_oem --format=verilog EncoderPulseCounterTop -c EncoderPulseCounterTop
quartus_eda --gen_testbench --check_outputs=on --tool=modelsim_oem --format=verilog EncoderPulseCounterTop -c EncoderPulseCounterTop --vector_source="C:/Users/codyw/Documents/Kansas State Classes/ECE 731 - Advanced Microcomputer Design/Labs/Lab0/sim.vwf" --testbench_file=./simulation/qsim/EncoderPulseCounterTop.vt
quartus_eda --functional=on --simulation=on --tool=modelsim_oem --format=verilog EncoderPulseCounterTop -c EncoderPulseCounterTop
quartus_eda --gen_testbench --check_outputs=on --tool=modelsim_oem --format=verilog EncoderPulseCounterTop -c EncoderPulseCounterTop --vector_source="C:/Users/codyw/Documents/Kansas State Classes/ECE 731 - Advanced Microcomputer Design/Labs/Lab0/sim.vwf" --testbench_file=./simulation/qsim/EncoderPulseCounterTop.vt
quartus_eda --functional=on --simulation=on --tool=modelsim_oem --format=verilog EncoderPulseCounterTop -c EncoderPulseCounterTop



